[INFO] [2016-04-14 15:43:39][org.springframework.beans.factory.xml.XmlBeanDefinitionReader]Loading XML bean definitions from class path resource [spring-mybatis.xml]
 [INFO] [2016-04-14 15:43:40][org.springframework.context.support.GenericApplicationContext]Refreshing org.springframework.context.support.GenericApplicationContext@5632af89: startup date [Thu Apr 14 15:43:40 CST 2016]; root of context hierarchy
 [INFO] [2016-04-14 15:43:40][org.springframework.beans.factory.config.PropertyPlaceholderConfigurer]Loading properties file from class path resource [jdbc.properties]
 [INFO] [2016-04-14 15:43:40][org.springframework.beans.factory.annotation.AutowiredAnnotationBeanPostProcessor]JSR-330 'javax.inject.Inject' annotation found and supported for autowiring
 [INFO] [2016-04-14 15:43:40][org.springframework.context.support.GenericApplicationContext]Closing org.springframework.context.support.GenericApplicationContext@5632af89: startup date [Thu Apr 14 15:43:40 CST 2016]; root of context hierarchy
 [INFO] [2016-04-14 15:44:41][org.springframework.beans.factory.xml.XmlBeanDefinitionReader]Loading XML bean definitions from class path resource [spring-mybatis.xml]
 [INFO] [2016-04-14 15:44:41][org.springframework.context.support.GenericApplicationContext]Refreshing org.springframework.context.support.GenericApplicationContext@5632af89: startup date [Thu Apr 14 15:44:41 CST 2016]; root of context hierarchy
 [INFO] [2016-04-14 15:44:41][org.springframework.beans.factory.config.PropertyPlaceholderConfigurer]Loading properties file from class path resource [jdbc.properties]
 [INFO] [2016-04-14 15:44:41][org.springframework.beans.factory.annotation.AutowiredAnnotationBeanPostProcessor]JSR-330 'javax.inject.Inject' annotation found and supported for autowiring
 [INFO] [2016-04-14 15:44:42][com.tarena.test.TestMybatis]null
 [INFO] [2016-04-14 15:44:42][org.springframework.context.support.GenericApplicationContext]Closing org.springframework.context.support.GenericApplicationContext@5632af89: startup date [Thu Apr 14 15:44:41 CST 2016]; root of context hierarchy
 [INFO] [2016-04-14 15:45:36][org.springframework.beans.factory.xml.XmlBeanDefinitionReader]Loading XML bean definitions from class path resource [spring-mybatis.xml]
 [INFO] [2016-04-14 15:45:36][org.springframework.context.support.GenericApplicationContext]Refreshing org.springframework.context.support.GenericApplicationContext@19a27795: startup date [Thu Apr 14 15:45:36 CST 2016]; root of context hierarchy
 [INFO] [2016-04-14 15:45:36][org.springframework.beans.factory.config.PropertyPlaceholderConfigurer]Loading properties file from class path resource [jdbc.properties]
 [INFO] [2016-04-14 15:45:36][org.springframework.beans.factory.annotation.AutowiredAnnotationBeanPostProcessor]JSR-330 'javax.inject.Inject' annotation found and supported for autowiring
 [INFO] [2016-04-14 15:45:37][com.tarena.test.TestMybatis]{"id":1,"name":"root","password":"111111"}
 [INFO] [2016-04-14 15:45:37][org.springframework.context.support.GenericApplicationContext]Closing org.springframework.context.support.GenericApplicationContext@19a27795: startup date [Thu Apr 14 15:45:36 CST 2016]; root of context hierarchy
 [INFO] [2016-04-14 16:15:03][org.springframework.beans.factory.xml.XmlBeanDefinitionReader]Loading XML bean definitions from class path resource [spring-mybatis.xml]
 [INFO] [2016-04-14 16:15:04][org.springframework.context.support.GenericApplicationContext]Refreshing org.springframework.context.support.GenericApplicationContext@5632af89: startup date [Thu Apr 14 16:15:04 CST 2016]; root of context hierarchy
 [INFO] [2016-04-14 16:15:04][org.springframework.beans.factory.config.PropertyPlaceholderConfigurer]Loading properties file from class path resource [jdbc.properties]
 [INFO] [2016-04-14 16:15:04][org.springframework.beans.factory.annotation.AutowiredAnnotationBeanPostProcessor]JSR-330 'javax.inject.Inject' annotation found and supported for autowiring
 [INFO] [2016-04-14 16:15:04][org.springframework.web.servlet.mvc.method.annotation.RequestMappingHandlerMapping]Mapped "{[/user/login.do],methods=[],params=[],headers=[],consumes=[],produces=[],custom=[]}" onto public java.lang.String com.tarena.controller.UserController.login(com.tarena.bean.User)
 [INFO] [2016-04-14 16:15:05][com.tarena.test.TestMybatis]{"id":1,"name":"root","password":"111111"}
 [INFO] [2016-04-14 16:15:05][org.springframework.context.support.GenericApplicationContext]Closing org.springframework.context.support.GenericApplicationContext@5632af89: startup date [Thu Apr 14 16:15:04 CST 2016]; root of context hierarchy
 [INFO] [2016-04-14 16:30:10][org.springframework.beans.factory.xml.XmlBeanDefinitionReader]Loading XML bean definitions from class path resource [spring-mybatis.xml]
 [INFO] [2016-04-14 16:30:10][org.springframework.context.support.GenericApplicationContext]Refreshing org.springframework.context.support.GenericApplicationContext@19a27795: startup date [Thu Apr 14 16:30:10 CST 2016]; root of context hierarchy
 [INFO] [2016-04-14 16:30:10][org.springframework.beans.factory.config.PropertyPlaceholderConfigurer]Loading properties file from class path resource [jdbc.properties]
 [INFO] [2016-04-14 16:30:10][org.springframework.beans.factory.annotation.AutowiredAnnotationBeanPostProcessor]JSR-330 'javax.inject.Inject' annotation found and supported for autowiring
 [INFO] [2016-04-14 16:30:10][org.springframework.web.servlet.mvc.method.annotation.RequestMappingHandlerMapping]Mapped "{[/user/login.do],methods=[],params=[],headers=[],consumes=[],produces=[],custom=[]}" onto public java.lang.String com.tarena.controller.UserController.login(java.lang.String,java.lang.String)
 [INFO] [2016-04-14 16:30:11][com.tarena.test.TestMybatis]{"id":1,"name":"root","password":"111111"}
 [INFO] [2016-04-14 16:30:11][org.springframework.context.support.GenericApplicationContext]Closing org.springframework.context.support.GenericApplicationContext@19a27795: startup date [Thu Apr 14 16:30:10 CST 2016]; root of context hierarchy
 [INFO] [2016-04-14 16:50:10][org.springframework.beans.factory.xml.XmlBeanDefinitionReader]Loading XML bean definitions from class path resource [spring-mybatis.xml]
 [INFO] [2016-04-14 16:50:11][org.springframework.context.support.GenericApplicationContext]Refreshing org.springframework.context.support.GenericApplicationContext@19a27795: startup date [Thu Apr 14 16:50:11 CST 2016]; root of context hierarchy
 [INFO] [2016-04-14 16:50:11][org.springframework.beans.factory.config.PropertyPlaceholderConfigurer]Loading properties file from class path resource [jdbc.properties]
 [INFO] [2016-04-14 16:50:11][org.springframework.beans.factory.annotation.AutowiredAnnotationBeanPostProcessor]JSR-330 'javax.inject.Inject' annotation found and supported for autowiring
 [INFO] [2016-04-14 16:50:11][org.springframework.web.servlet.mvc.method.annotation.RequestMappingHandlerMapping]Mapped "{[/user/login.do],methods=[],params=[],headers=[],consumes=[],produces=[],custom=[]}" onto public java.lang.String com.tarena.controller.UserController.login(javax.servlet.http.HttpServletRequest)
 [INFO] [2016-04-14 16:50:12][com.tarena.test.TestMybatis]{"id":1,"name":"root","password":"111111"}
 [INFO] [2016-04-14 16:50:12][org.springframework.context.support.GenericApplicationContext]Closing org.springframework.context.support.GenericApplicationContext@19a27795: startup date [Thu Apr 14 16:50:11 CST 2016]; root of context hierarchy
 [INFO] [2016-07-19 15:47:01][org.springframework.beans.factory.xml.XmlBeanDefinitionReader]Loading XML bean definitions from class path resource [spring-mybatis.xml]
 [INFO] [2016-07-19 15:47:02][org.springframework.context.support.GenericApplicationContext]Refreshing org.springframework.context.support.GenericApplicationContext@42f3fe0: startup date [Tue Jul 19 15:47:02 CST 2016]; root of context hierarchy
 [INFO] [2016-07-19 15:47:02][org.springframework.beans.factory.config.PropertyPlaceholderConfigurer]Loading properties file from class path resource [jdbc.properties]
 [INFO] [2016-07-19 15:47:02][org.springframework.beans.factory.annotation.AutowiredAnnotationBeanPostProcessor]JSR-330 'javax.inject.Inject' annotation found and supported for autowiring
 [INFO] [2016-07-19 15:47:02][org.springframework.web.servlet.mvc.method.annotation.RequestMappingHandlerMapping]Mapped "{[/img/getImageServlet.do],methods=[],params=[],headers=[],consumes=[],produces=[],custom=[]}" onto public void com.tarena.controller.GetImage.getImage(javax.servlet.http.HttpServletRequest,javax.servlet.http.HttpServletResponse)
 [INFO] [2016-07-19 15:47:02][org.springframework.web.servlet.mvc.method.annotation.RequestMappingHandlerMapping]Mapped "{[/upload/upload.do],methods=[],params=[],headers=[],consumes=[],produces=[],custom=[]}" onto public java.lang.String com.tarena.controller.UploadHandle.upload(org.springframework.ui.Model,org.springframework.web.multipart.MultipartFile) throws java.lang.Exception
 [INFO] [2016-07-19 15:47:02][org.springframework.web.servlet.mvc.method.annotation.RequestMappingHandlerMapping]Mapped "{[/user/login.do],methods=[],params=[],headers=[],consumes=[],produces=[],custom=[]}" onto public java.lang.String com.tarena.controller.UserController.login(com.tarena.bean.User,java.util.Map)
 [INFO] [2016-07-19 15:47:03][org.springframework.context.support.GenericApplicationContext]Closing org.springframework.context.support.GenericApplicationContext@42f3fe0: startup date [Tue Jul 19 15:47:02 CST 2016]; root of context hierarchy
 [INFO] [2016-07-19 15:48:45][org.springframework.beans.factory.xml.XmlBeanDefinitionReader]Loading XML bean definitions from class path resource [spring-mybatis.xml]
 [INFO] [2016-07-19 15:48:45][org.springframework.context.support.GenericApplicationContext]Refreshing org.springframework.context.support.GenericApplicationContext@3a0a8d45: startup date [Tue Jul 19 15:48:45 CST 2016]; root of context hierarchy
 [INFO] [2016-07-19 15:48:45][org.springframework.beans.factory.config.PropertyPlaceholderConfigurer]Loading properties file from class path resource [jdbc.properties]
 [INFO] [2016-07-19 15:48:45][org.springframework.beans.factory.annotation.AutowiredAnnotationBeanPostProcessor]JSR-330 'javax.inject.Inject' annotation found and supported for autowiring
 [INFO] [2016-07-19 15:48:46][org.springframework.web.servlet.mvc.method.annotation.RequestMappingHandlerMapping]Mapped "{[/img/getImageServlet.do],methods=[],params=[],headers=[],consumes=[],produces=[],custom=[]}" onto public void com.tarena.controller.GetImage.getImage(javax.servlet.http.HttpServletRequest,javax.servlet.http.HttpServletResponse)
 [INFO] [2016-07-19 15:48:46][org.springframework.web.servlet.mvc.method.annotation.RequestMappingHandlerMapping]Mapped "{[/upload/upload.do],methods=[],params=[],headers=[],consumes=[],produces=[],custom=[]}" onto public java.lang.String com.tarena.controller.UploadHandle.upload(org.springframework.ui.Model,org.springframework.web.multipart.MultipartFile) throws java.lang.Exception
 [INFO] [2016-07-19 15:48:46][org.springframework.web.servlet.mvc.method.annotation.RequestMappingHandlerMapping]Mapped "{[/user/login.do],methods=[],params=[],headers=[],consumes=[],produces=[],custom=[]}" onto public java.lang.String com.tarena.controller.UserController.login(com.tarena.bean.User,java.util.Map)
 [INFO] [2016-07-19 15:48:46][org.springframework.context.support.GenericApplicationContext]Closing org.springframework.context.support.GenericApplicationContext@3a0a8d45: startup date [Tue Jul 19 15:48:45 CST 2016]; root of context hierarchy
 [INFO] [2016-07-19 15:49:22][org.springframework.beans.factory.xml.XmlBeanDefinitionReader]Loading XML bean definitions from class path resource [spring-mybatis.xml]
 [INFO] [2016-07-19 15:49:22][org.springframework.context.support.GenericApplicationContext]Refreshing org.springframework.context.support.GenericApplicationContext@17e4be04: startup date [Tue Jul 19 15:49:22 CST 2016]; root of context hierarchy
 [INFO] [2016-07-19 15:49:23][org.springframework.beans.factory.config.PropertyPlaceholderConfigurer]Loading properties file from class path resource [jdbc.properties]
 [INFO] [2016-07-19 15:49:23][org.springframework.beans.factory.annotation.AutowiredAnnotationBeanPostProcessor]JSR-330 'javax.inject.Inject' annotation found and supported for autowiring
 [INFO] [2016-07-19 15:49:24][org.springframework.web.servlet.mvc.method.annotation.RequestMappingHandlerMapping]Mapped "{[/img/getImageServlet.do],methods=[],params=[],headers=[],consumes=[],produces=[],custom=[]}" onto public void com.tarena.controller.GetImage.getImage(javax.servlet.http.HttpServletRequest,javax.servlet.http.HttpServletResponse)
 [INFO] [2016-07-19 15:49:24][org.springframework.web.servlet.mvc.method.annotation.RequestMappingHandlerMapping]Mapped "{[/upload/upload.do],methods=[],params=[],headers=[],consumes=[],produces=[],custom=[]}" onto public java.lang.String com.tarena.controller.UploadHandle.upload(org.springframework.ui.Model,org.springframework.web.multipart.MultipartFile) throws java.lang.Exception
 [INFO] [2016-07-19 15:49:24][org.springframework.web.servlet.mvc.method.annotation.RequestMappingHandlerMapping]Mapped "{[/user/login.do],methods=[],params=[],headers=[],consumes=[],produces=[],custom=[]}" onto public java.lang.String com.tarena.controller.UserController.login(com.tarena.bean.User,java.util.Map)
 [INFO] [2016-07-19 15:51:26][org.springframework.beans.factory.xml.XmlBeanDefinitionReader]Loading XML bean definitions from class path resource [spring-mybatis.xml]
 [INFO] [2016-07-19 15:51:26][org.springframework.context.support.GenericApplicationContext]Refreshing org.springframework.context.support.GenericApplicationContext@2b46950c: startup date [Tue Jul 19 15:51:26 CST 2016]; root of context hierarchy
 [INFO] [2016-07-19 15:51:26][org.springframework.beans.factory.config.PropertyPlaceholderConfigurer]Loading properties file from class path resource [jdbc.properties]
 [INFO] [2016-07-19 15:51:26][org.springframework.beans.factory.annotation.AutowiredAnnotationBeanPostProcessor]JSR-330 'javax.inject.Inject' annotation found and supported for autowiring
 [INFO] [2016-07-19 15:51:26][org.springframework.web.servlet.mvc.method.annotation.RequestMappingHandlerMapping]Mapped "{[/img/getImageServlet.do],methods=[],params=[],headers=[],consumes=[],produces=[],custom=[]}" onto public void com.tarena.controller.GetImage.getImage(javax.servlet.http.HttpServletRequest,javax.servlet.http.HttpServletResponse)
 [INFO] [2016-07-19 15:51:26][org.springframework.web.servlet.mvc.method.annotation.RequestMappingHandlerMapping]Mapped "{[/upload/upload.do],methods=[],params=[],headers=[],consumes=[],produces=[],custom=[]}" onto public java.lang.String com.tarena.controller.UploadHandle.upload(org.springframework.ui.Model,org.springframework.web.multipart.MultipartFile) throws java.lang.Exception
 [INFO] [2016-07-19 15:51:26][org.springframework.web.servlet.mvc.method.annotation.RequestMappingHandlerMapping]Mapped "{[/user/login.do],methods=[],params=[],headers=[],consumes=[],produces=[],custom=[]}" onto public java.lang.String com.tarena.controller.UserController.login(com.tarena.bean.User,java.util.Map)
 [INFO] [2016-07-19 15:51:27][org.springframework.context.support.GenericApplicationContext]Closing org.springframework.context.support.GenericApplicationContext@2b46950c: startup date [Tue Jul 19 15:51:26 CST 2016]; root of context hierarchy
 [INFO] [2016-07-19 15:51:53][org.springframework.beans.factory.xml.XmlBeanDefinitionReader]Loading XML bean definitions from class path resource [spring-mybatis.xml]
 [INFO] [2016-07-19 15:51:53][org.springframework.context.support.GenericApplicationContext]Refreshing org.springframework.context.support.GenericApplicationContext@18f048dc: startup date [Tue Jul 19 15:51:53 CST 2016]; root of context hierarchy
 [INFO] [2016-07-19 15:51:53][org.springframework.beans.factory.config.PropertyPlaceholderConfigurer]Loading properties file from class path resource [jdbc.properties]
 [INFO] [2016-07-19 15:51:53][org.springframework.beans.factory.annotation.AutowiredAnnotationBeanPostProcessor]JSR-330 'javax.inject.Inject' annotation found and supported for autowiring
 [INFO] [2016-07-19 15:51:54][org.springframework.web.servlet.mvc.method.annotation.RequestMappingHandlerMapping]Mapped "{[/img/getImageServlet.do],methods=[],params=[],headers=[],consumes=[],produces=[],custom=[]}" onto public void com.tarena.controller.GetImage.getImage(javax.servlet.http.HttpServletRequest,javax.servlet.http.HttpServletResponse)
 [INFO] [2016-07-19 15:51:54][org.springframework.web.servlet.mvc.method.annotation.RequestMappingHandlerMapping]Mapped "{[/upload/upload.do],methods=[],params=[],headers=[],consumes=[],produces=[],custom=[]}" onto public java.lang.String com.tarena.controller.UploadHandle.upload(org.springframework.ui.Model,org.springframework.web.multipart.MultipartFile) throws java.lang.Exception
 [INFO] [2016-07-19 15:51:54][org.springframework.web.servlet.mvc.method.annotation.RequestMappingHandlerMapping]Mapped "{[/user/login.do],methods=[],params=[],headers=[],consumes=[],produces=[],custom=[]}" onto public java.lang.String com.tarena.controller.UserController.login(com.tarena.bean.User,java.util.Map)
 [INFO] [2016-07-19 15:51:54][org.springframework.context.support.GenericApplicationContext]Closing org.springframework.context.support.GenericApplicationContext@18f048dc: startup date [Tue Jul 19 15:51:53 CST 2016]; root of context hierarchy
 [INFO] [2016-07-19 15:55:28][org.springframework.beans.factory.xml.XmlBeanDefinitionReader]Loading XML bean definitions from class path resource [spring-mybatis.xml]
 [INFO] [2016-07-19 15:55:28][org.springframework.context.support.GenericApplicationContext]Refreshing org.springframework.context.support.GenericApplicationContext@15e6356d: startup date [Tue Jul 19 15:55:28 CST 2016]; root of context hierarchy
 [INFO] [2016-07-19 15:55:28][org.springframework.beans.factory.config.PropertyPlaceholderConfigurer]Loading properties file from class path resource [jdbc.properties]
 [INFO] [2016-07-19 15:55:28][org.springframework.beans.factory.annotation.AutowiredAnnotationBeanPostProcessor]JSR-330 'javax.inject.Inject' annotation found and supported for autowiring
 [INFO] [2016-07-19 15:55:28][org.springframework.web.servlet.mvc.method.annotation.RequestMappingHandlerMapping]Mapped "{[/img/getImageServlet.do],methods=[],params=[],headers=[],consumes=[],produces=[],custom=[]}" onto public void com.tarena.controller.GetImage.getImage(javax.servlet.http.HttpServletRequest,javax.servlet.http.HttpServletResponse)
 [INFO] [2016-07-19 15:55:28][org.springframework.web.servlet.mvc.method.annotation.RequestMappingHandlerMapping]Mapped "{[/upload/upload.do],methods=[],params=[],headers=[],consumes=[],produces=[],custom=[]}" onto public java.lang.String com.tarena.controller.UploadHandle.upload(org.springframework.ui.Model,org.springframework.web.multipart.MultipartFile) throws java.lang.Exception
 [INFO] [2016-07-19 15:55:28][org.springframework.web.servlet.mvc.method.annotation.RequestMappingHandlerMapping]Mapped "{[/user/login.do],methods=[],params=[],headers=[],consumes=[],produces=[],custom=[]}" onto public java.lang.String com.tarena.controller.UserController.login(com.tarena.bean.User,java.util.Map)
 [INFO] [2016-07-19 15:55:29][org.springframework.context.support.GenericApplicationContext]Closing org.springframework.context.support.GenericApplicationContext@15e6356d: startup date [Tue Jul 19 15:55:28 CST 2016]; root of context hierarchy
 [INFO] [2016-07-19 15:56:24][org.springframework.beans.factory.xml.XmlBeanDefinitionReader]Loading XML bean definitions from class path resource [spring-mybatis.xml]
 [INFO] [2016-07-19 15:56:24][org.springframework.context.support.GenericApplicationContext]Refreshing org.springframework.context.support.GenericApplicationContext@5d7f9a29: startup date [Tue Jul 19 15:56:24 CST 2016]; root of context hierarchy
 [INFO] [2016-07-19 15:56:24][org.springframework.beans.factory.config.PropertyPlaceholderConfigurer]Loading properties file from class path resource [jdbc.properties]
 [INFO] [2016-07-19 15:56:24][org.springframework.beans.factory.annotation.AutowiredAnnotationBeanPostProcessor]JSR-330 'javax.inject.Inject' annotation found and supported for autowiring
 [INFO] [2016-07-19 15:56:24][org.springframework.web.servlet.mvc.method.annotation.RequestMappingHandlerMapping]Mapped "{[/img/getImageServlet.do],methods=[],params=[],headers=[],consumes=[],produces=[],custom=[]}" onto public void com.tarena.controller.GetImage.getImage(javax.servlet.http.HttpServletRequest,javax.servlet.http.HttpServletResponse)
 [INFO] [2016-07-19 15:56:24][org.springframework.web.servlet.mvc.method.annotation.RequestMappingHandlerMapping]Mapped "{[/upload/upload.do],methods=[],params=[],headers=[],consumes=[],produces=[],custom=[]}" onto public java.lang.String com.tarena.controller.UploadHandle.upload(org.springframework.ui.Model,org.springframework.web.multipart.MultipartFile) throws java.lang.Exception
 [INFO] [2016-07-19 15:56:24][org.springframework.web.servlet.mvc.method.annotation.RequestMappingHandlerMapping]Mapped "{[/user/login.do],methods=[],params=[],headers=[],consumes=[],produces=[],custom=[]}" onto public java.lang.String com.tarena.controller.UserController.login(com.tarena.bean.User,java.util.Map)
 [INFO] [2016-07-19 15:56:25][com.tarena.test.TestMyBatis]============================={"id":1211,"name":"熊","password":"12121"}
 [INFO] [2016-07-19 15:56:25][org.springframework.context.support.GenericApplicationContext]Closing org.springframework.context.support.GenericApplicationContext@5d7f9a29: startup date [Tue Jul 19 15:56:24 CST 2016]; root of context hierarchy
 [INFO] [2016-07-19 15:57:37][org.springframework.beans.factory.xml.XmlBeanDefinitionReader]Loading XML bean definitions from class path resource [spring-mybatis.xml]
 [INFO] [2016-07-19 15:57:37][org.springframework.context.support.GenericApplicationContext]Refreshing org.springframework.context.support.GenericApplicationContext@5d7f9a29: startup date [Tue Jul 19 15:57:37 CST 2016]; root of context hierarchy
 [INFO] [2016-07-19 15:57:37][org.springframework.beans.factory.config.PropertyPlaceholderConfigurer]Loading properties file from class path resource [jdbc.properties]
 [INFO] [2016-07-19 15:57:37][org.springframework.beans.factory.annotation.AutowiredAnnotationBeanPostProcessor]JSR-330 'javax.inject.Inject' annotation found and supported for autowiring
 [INFO] [2016-07-19 15:57:37][org.springframework.web.servlet.mvc.method.annotation.RequestMappingHandlerMapping]Mapped "{[/img/getImageServlet.do],methods=[],params=[],headers=[],consumes=[],produces=[],custom=[]}" onto public void com.tarena.controller.GetImage.getImage(javax.servlet.http.HttpServletRequest,javax.servlet.http.HttpServletResponse)
 [INFO] [2016-07-19 15:57:37][org.springframework.web.servlet.mvc.method.annotation.RequestMappingHandlerMapping]Mapped "{[/upload/upload.do],methods=[],params=[],headers=[],consumes=[],produces=[],custom=[]}" onto public java.lang.String com.tarena.controller.UploadHandle.upload(org.springframework.ui.Model,org.springframework.web.multipart.MultipartFile) throws java.lang.Exception
 [INFO] [2016-07-19 15:57:37][org.springframework.web.servlet.mvc.method.annotation.RequestMappingHandlerMapping]Mapped "{[/user/login.do],methods=[],params=[],headers=[],consumes=[],produces=[],custom=[]}" onto public java.lang.String com.tarena.controller.UserController.login(com.tarena.bean.User,java.util.Map)
 [INFO] [2016-07-19 15:57:38][com.tarena.test.TestMyBatis]============================={"id":1211,"name":"熊","password":"12121"}
 [INFO] [2016-07-19 15:57:38][org.springframework.context.support.GenericApplicationContext]Closing org.springframework.context.support.GenericApplicationContext@5d7f9a29: startup date [Tue Jul 19 15:57:37 CST 2016]; root of context hierarchy
 [INFO] [2016-07-19 16:08:28][org.springframework.beans.factory.xml.XmlBeanDefinitionReader]Loading XML bean definitions from class path resource [spring-mybatis.xml]
 [INFO] [2016-07-19 16:08:28][org.springframework.context.support.GenericApplicationContext]Refreshing org.springframework.context.support.GenericApplicationContext@36577c06: startup date [Tue Jul 19 16:08:28 CST 2016]; root of context hierarchy
 [INFO] [2016-07-19 16:08:28][org.springframework.beans.factory.config.PropertyPlaceholderConfigurer]Loading properties file from class path resource [jdbc.properties]
 [INFO] [2016-07-19 16:08:28][org.springframework.beans.factory.annotation.AutowiredAnnotationBeanPostProcessor]JSR-330 'javax.inject.Inject' annotation found and supported for autowiring
 [INFO] [2016-07-19 16:08:28][org.springframework.web.servlet.mvc.method.annotation.RequestMappingHandlerMapping]Mapped "{[/img/getImageServlet.do],methods=[],params=[],headers=[],consumes=[],produces=[],custom=[]}" onto public void com.tarena.controller.GetImage.getImage(javax.servlet.http.HttpServletRequest,javax.servlet.http.HttpServletResponse)
 [INFO] [2016-07-19 16:08:28][org.springframework.web.servlet.mvc.method.annotation.RequestMappingHandlerMapping]Mapped "{[/upload/upload.do],methods=[],params=[],headers=[],consumes=[],produces=[],custom=[]}" onto public java.lang.String com.tarena.controller.UploadHandle.upload(org.springframework.ui.Model,org.springframework.web.multipart.MultipartFile) throws java.lang.Exception
 [INFO] [2016-07-19 16:08:28][org.springframework.web.servlet.mvc.method.annotation.RequestMappingHandlerMapping]Mapped "{[/user/login.do],methods=[],params=[],headers=[],consumes=[],produces=[],custom=[]}" onto public java.lang.String com.tarena.controller.UserController.login(com.tarena.bean.User,java.util.Map)
 [INFO] [2016-07-19 16:08:29][com.tarena.test.TestMyBatis]============================={"id":1211,"name":"熊","password":"12121"}
 [INFO] [2016-07-19 16:08:29][org.springframework.context.support.GenericApplicationContext]Closing org.springframework.context.support.GenericApplicationContext@36577c06: startup date [Tue Jul 19 16:08:28 CST 2016]; root of context hierarchy
 